{"/Users/bogisis/Desktop/сметы/for_deploy/apiClient.js": {"path":"/Users/bogisis/Desktop/сметы/for_deploy/apiClient.js","statementMap":{"0":{"start":{"line":6,"column":8},"end":{"line":6,"column":31}},"1":{"start":{"line":7,"column":8},"end":{"line":7,"column":36}},"2":{"start":{"line":8,"column":8},"end":{"line":8,"column":44}},"3":{"start":{"line":14,"column":25},"end":{"line":14,"column":72}},"4":{"start":{"line":15,"column":23},"end":{"line":15,"column":44}},"5":{"start":{"line":16,"column":8},"end":{"line":16,"column":59}},"6":{"start":{"line":16,"column":29},"end":{"line":16,"column":59}},"7":{"start":{"line":17,"column":8},"end":{"line":17,"column":28}},"8":{"start":{"line":21,"column":25},"end":{"line":21,"column":79}},"9":{"start":{"line":22,"column":23},"end":{"line":22,"column":44}},"10":{"start":{"line":23,"column":8},"end":{"line":23,"column":59}},"11":{"start":{"line":23,"column":29},"end":{"line":23,"column":59}},"12":{"start":{"line":24,"column":8},"end":{"line":24,"column":27}},"13":{"start":{"line":28,"column":25},"end":{"line":32,"column":10}},"14":{"start":{"line":33,"column":23},"end":{"line":33,"column":44}},"15":{"start":{"line":34,"column":8},"end":{"line":34,"column":59}},"16":{"start":{"line":34,"column":29},"end":{"line":34,"column":59}},"17":{"start":{"line":35,"column":8},"end":{"line":35,"column":22}},"18":{"start":{"line":41,"column":25},"end":{"line":41,"column":69}},"19":{"start":{"line":42,"column":23},"end":{"line":42,"column":44}},"20":{"start":{"line":43,"column":8},"end":{"line":43,"column":59}},"21":{"start":{"line":43,"column":29},"end":{"line":43,"column":59}},"22":{"start":{"line":44,"column":8},"end":{"line":44,"column":32}},"23":{"start":{"line":48,"column":25},"end":{"line":48,"column":81}},"24":{"start":{"line":49,"column":23},"end":{"line":49,"column":44}},"25":{"start":{"line":50,"column":8},"end":{"line":50,"column":59}},"26":{"start":{"line":50,"column":29},"end":{"line":50,"column":59}},"27":{"start":{"line":51,"column":8},"end":{"line":51,"column":48}},"28":{"start":{"line":52,"column":8},"end":{"line":52,"column":27}},"29":{"start":{"line":56,"column":8},"end":{"line":61,"column":9}},"30":{"start":{"line":58,"column":31},"end":{"line":58,"column":59}},"31":{"start":{"line":59,"column":25},"end":{"line":59,"column":63}},"32":{"start":{"line":60,"column":12},"end":{"line":60,"column":85}},"33":{"start":{"line":63,"column":25},"end":{"line":67,"column":10}},"34":{"start":{"line":68,"column":23},"end":{"line":68,"column":44}},"35":{"start":{"line":69,"column":8},"end":{"line":69,"column":59}},"36":{"start":{"line":69,"column":29},"end":{"line":69,"column":59}},"37":{"start":{"line":71,"column":8},"end":{"line":71,"column":48}},"38":{"start":{"line":72,"column":8},"end":{"line":72,"column":39}},"39":{"start":{"line":76,"column":25},"end":{"line":78,"column":10}},"40":{"start":{"line":79,"column":23},"end":{"line":79,"column":44}},"41":{"start":{"line":80,"column":8},"end":{"line":80,"column":59}},"42":{"start":{"line":80,"column":29},"end":{"line":80,"column":59}},"43":{"start":{"line":82,"column":8},"end":{"line":84,"column":9}},"44":{"start":{"line":83,"column":12},"end":{"line":83,"column":48}},"45":{"start":{"line":85,"column":8},"end":{"line":85,"column":22}},"46":{"start":{"line":89,"column":25},"end":{"line":93,"column":10}},"47":{"start":{"line":94,"column":23},"end":{"line":94,"column":44}},"48":{"start":{"line":95,"column":8},"end":{"line":95,"column":59}},"49":{"start":{"line":95,"column":29},"end":{"line":95,"column":59}},"50":{"start":{"line":97,"column":8},"end":{"line":99,"column":9}},"51":{"start":{"line":98,"column":12},"end":{"line":98,"column":55}},"52":{"start":{"line":100,"column":8},"end":{"line":100,"column":22}},"53":{"start":{"line":106,"column":25},"end":{"line":106,"column":67}},"54":{"start":{"line":107,"column":23},"end":{"line":107,"column":44}},"55":{"start":{"line":108,"column":8},"end":{"line":108,"column":59}},"56":{"start":{"line":108,"column":29},"end":{"line":108,"column":59}},"57":{"start":{"line":109,"column":8},"end":{"line":109,"column":30}},"58":{"start":{"line":113,"column":25},"end":{"line":113,"column":73}},"59":{"start":{"line":114,"column":23},"end":{"line":114,"column":44}},"60":{"start":{"line":115,"column":8},"end":{"line":115,"column":59}},"61":{"start":{"line":115,"column":29},"end":{"line":115,"column":59}},"62":{"start":{"line":116,"column":8},"end":{"line":116,"column":27}},"63":{"start":{"line":120,"column":25},"end":{"line":124,"column":10}},"64":{"start":{"line":125,"column":23},"end":{"line":125,"column":44}},"65":{"start":{"line":126,"column":8},"end":{"line":126,"column":59}},"66":{"start":{"line":126,"column":29},"end":{"line":126,"column":59}},"67":{"start":{"line":127,"column":8},"end":{"line":127,"column":22}},"68":{"start":{"line":131,"column":25},"end":{"line":133,"column":10}},"69":{"start":{"line":134,"column":23},"end":{"line":134,"column":44}},"70":{"start":{"line":135,"column":8},"end":{"line":135,"column":59}},"71":{"start":{"line":135,"column":29},"end":{"line":135,"column":59}},"72":{"start":{"line":136,"column":8},"end":{"line":136,"column":22}},"73":{"start":{"line":142,"column":8},"end":{"line":144,"column":9}},"74":{"start":{"line":143,"column":12},"end":{"line":143,"column":19}},"75":{"start":{"line":146,"column":8},"end":{"line":148,"column":9}},"76":{"start":{"line":147,"column":12},"end":{"line":147,"column":47}},"77":{"start":{"line":150,"column":8},"end":{"line":161,"column":17}},"78":{"start":{"line":151,"column":12},"end":{"line":160,"column":13}},"79":{"start":{"line":153,"column":16},"end":{"line":153,"column":56}},"80":{"start":{"line":155,"column":16},"end":{"line":155,"column":53}},"81":{"start":{"line":159,"column":16},"end":{"line":159,"column":55}},"82":{"start":{"line":167,"column":8},"end":{"line":167,"column":44}},"83":{"start":{"line":171,"column":8},"end":{"line":171,"column":48}},"84":{"start":{"line":176,"column":0},"end":{"line":178,"column":1}},"85":{"start":{"line":177,"column":4},"end":{"line":177,"column":33}}},"fnMap":{"0":{"name":"(anonymous_0)","decl":{"start":{"line":5,"column":4},"end":{"line":5,"column":5}},"loc":{"start":{"line":5,"column":30},"end":{"line":9,"column":5}},"line":5},"1":{"name":"(anonymous_1)","decl":{"start":{"line":13,"column":4},"end":{"line":13,"column":5}},"loc":{"start":{"line":13,"column":27},"end":{"line":18,"column":5}},"line":13},"2":{"name":"(anonymous_2)","decl":{"start":{"line":20,"column":4},"end":{"line":20,"column":5}},"loc":{"start":{"line":20,"column":49},"end":{"line":25,"column":5}},"line":20},"3":{"name":"(anonymous_3)","decl":{"start":{"line":27,"column":4},"end":{"line":27,"column":5}},"loc":{"start":{"line":27,"column":55},"end":{"line":36,"column":5}},"line":27},"4":{"name":"(anonymous_4)","decl":{"start":{"line":40,"column":4},"end":{"line":40,"column":5}},"loc":{"start":{"line":40,"column":29},"end":{"line":45,"column":5}},"line":40},"5":{"name":"(anonymous_5)","decl":{"start":{"line":47,"column":4},"end":{"line":47,"column":5}},"loc":{"start":{"line":47,"column":33},"end":{"line":53,"column":5}},"line":47},"6":{"name":"(anonymous_6)","decl":{"start":{"line":55,"column":4},"end":{"line":55,"column":5}},"loc":{"start":{"line":55,"column":39},"end":{"line":73,"column":5}},"line":55},"7":{"name":"(anonymous_7)","decl":{"start":{"line":75,"column":4},"end":{"line":75,"column":5}},"loc":{"start":{"line":75,"column":35},"end":{"line":86,"column":5}},"line":75},"8":{"name":"(anonymous_8)","decl":{"start":{"line":88,"column":4},"end":{"line":88,"column":5}},"loc":{"start":{"line":88,"column":51},"end":{"line":101,"column":5}},"line":88},"9":{"name":"(anonymous_9)","decl":{"start":{"line":105,"column":4},"end":{"line":105,"column":5}},"loc":{"start":{"line":105,"column":27},"end":{"line":110,"column":5}},"line":105},"10":{"name":"(anonymous_10)","decl":{"start":{"line":112,"column":4},"end":{"line":112,"column":5}},"loc":{"start":{"line":112,"column":25},"end":{"line":117,"column":5}},"line":112},"11":{"name":"(anonymous_11)","decl":{"start":{"line":119,"column":4},"end":{"line":119,"column":5}},"loc":{"start":{"line":119,"column":31},"end":{"line":128,"column":5}},"line":119},"12":{"name":"(anonymous_12)","decl":{"start":{"line":130,"column":4},"end":{"line":130,"column":5}},"loc":{"start":{"line":130,"column":32},"end":{"line":137,"column":5}},"line":130},"13":{"name":"(anonymous_13)","decl":{"start":{"line":141,"column":4},"end":{"line":141,"column":5}},"loc":{"start":{"line":141,"column":37},"end":{"line":162,"column":5}},"line":141},"14":{"name":"(anonymous_14)","decl":{"start":{"line":150,"column":42},"end":{"line":150,"column":43}},"loc":{"start":{"line":150,"column":54},"end":{"line":161,"column":9}},"line":150},"15":{"name":"(anonymous_15)","decl":{"start":{"line":166,"column":4},"end":{"line":166,"column":5}},"loc":{"start":{"line":166,"column":25},"end":{"line":168,"column":5}},"line":166},"16":{"name":"(anonymous_16)","decl":{"start":{"line":170,"column":4},"end":{"line":170,"column":5}},"loc":{"start":{"line":170,"column":33},"end":{"line":172,"column":5}},"line":170}},"branchMap":{"0":{"loc":{"start":{"line":5,"column":16},"end":{"line":5,"column":28}},"type":"default-arg","locations":[{"start":{"line":5,"column":26},"end":{"line":5,"column":28}}],"line":5},"1":{"loc":{"start":{"line":16,"column":8},"end":{"line":16,"column":59}},"type":"if","locations":[{"start":{"line":16,"column":8},"end":{"line":16,"column":59}},{"start":{},"end":{}}],"line":16},"2":{"loc":{"start":{"line":20,"column":22},"end":{"line":20,"column":47}},"type":"default-arg","locations":[{"start":{"line":20,"column":33},"end":{"line":20,"column":47}}],"line":20},"3":{"loc":{"start":{"line":23,"column":8},"end":{"line":23,"column":59}},"type":"if","locations":[{"start":{"line":23,"column":8},"end":{"line":23,"column":59}},{"start":{},"end":{}}],"line":23},"4":{"loc":{"start":{"line":27,"column":28},"end":{"line":27,"column":53}},"type":"default-arg","locations":[{"start":{"line":27,"column":39},"end":{"line":27,"column":53}}],"line":27},"5":{"loc":{"start":{"line":34,"column":8},"end":{"line":34,"column":59}},"type":"if","locations":[{"start":{"line":34,"column":8},"end":{"line":34,"column":59}},{"start":{},"end":{}}],"line":34},"6":{"loc":{"start":{"line":43,"column":8},"end":{"line":43,"column":59}},"type":"if","locations":[{"start":{"line":43,"column":8},"end":{"line":43,"column":59}},{"start":{},"end":{}}],"line":43},"7":{"loc":{"start":{"line":50,"column":8},"end":{"line":50,"column":59}},"type":"if","locations":[{"start":{"line":50,"column":8},"end":{"line":50,"column":59}},{"start":{},"end":{}}],"line":50},"8":{"loc":{"start":{"line":56,"column":8},"end":{"line":61,"column":9}},"type":"if","locations":[{"start":{"line":56,"column":8},"end":{"line":61,"column":9}},{"start":{},"end":{}}],"line":56},"9":{"loc":{"start":{"line":58,"column":31},"end":{"line":58,"column":59}},"type":"binary-expr","locations":[{"start":{"line":58,"column":31},"end":{"line":58,"column":46}},{"start":{"line":58,"column":50},"end":{"line":58,"column":59}}],"line":58},"10":{"loc":{"start":{"line":69,"column":8},"end":{"line":69,"column":59}},"type":"if","locations":[{"start":{"line":69,"column":8},"end":{"line":69,"column":59}},{"start":{},"end":{}}],"line":69},"11":{"loc":{"start":{"line":80,"column":8},"end":{"line":80,"column":59}},"type":"if","locations":[{"start":{"line":80,"column":8},"end":{"line":80,"column":59}},{"start":{},"end":{}}],"line":80},"12":{"loc":{"start":{"line":82,"column":8},"end":{"line":84,"column":9}},"type":"if","locations":[{"start":{"line":82,"column":8},"end":{"line":84,"column":9}},{"start":{},"end":{}}],"line":82},"13":{"loc":{"start":{"line":95,"column":8},"end":{"line":95,"column":59}},"type":"if","locations":[{"start":{"line":95,"column":8},"end":{"line":95,"column":59}},{"start":{},"end":{}}],"line":95},"14":{"loc":{"start":{"line":97,"column":8},"end":{"line":99,"column":9}},"type":"if","locations":[{"start":{"line":97,"column":8},"end":{"line":99,"column":9}},{"start":{},"end":{}}],"line":97},"15":{"loc":{"start":{"line":108,"column":8},"end":{"line":108,"column":59}},"type":"if","locations":[{"start":{"line":108,"column":8},"end":{"line":108,"column":59}},{"start":{},"end":{}}],"line":108},"16":{"loc":{"start":{"line":115,"column":8},"end":{"line":115,"column":59}},"type":"if","locations":[{"start":{"line":115,"column":8},"end":{"line":115,"column":59}},{"start":{},"end":{}}],"line":115},"17":{"loc":{"start":{"line":126,"column":8},"end":{"line":126,"column":59}},"type":"if","locations":[{"start":{"line":126,"column":8},"end":{"line":126,"column":59}},{"start":{},"end":{}}],"line":126},"18":{"loc":{"start":{"line":135,"column":8},"end":{"line":135,"column":59}},"type":"if","locations":[{"start":{"line":135,"column":8},"end":{"line":135,"column":59}},{"start":{},"end":{}}],"line":135},"19":{"loc":{"start":{"line":142,"column":8},"end":{"line":144,"column":9}},"type":"if","locations":[{"start":{"line":142,"column":8},"end":{"line":144,"column":9}},{"start":{},"end":{}}],"line":142},"20":{"loc":{"start":{"line":142,"column":12},"end":{"line":142,"column":33}},"type":"binary-expr","locations":[{"start":{"line":142,"column":12},"end":{"line":142,"column":21}},{"start":{"line":142,"column":25},"end":{"line":142,"column":33}}],"line":142},"21":{"loc":{"start":{"line":146,"column":8},"end":{"line":148,"column":9}},"type":"if","locations":[{"start":{"line":146,"column":8},"end":{"line":148,"column":9}},{"start":{},"end":{}}],"line":146},"22":{"loc":{"start":{"line":176,"column":0},"end":{"line":178,"column":1}},"type":"if","locations":[{"start":{"line":176,"column":0},"end":{"line":178,"column":1}},{"start":{},"end":{}}],"line":176}},"s":{"0":0,"1":0,"2":0,"3":0,"4":0,"5":0,"6":0,"7":0,"8":0,"9":0,"10":0,"11":0,"12":0,"13":0,"14":0,"15":0,"16":0,"17":0,"18":0,"19":0,"20":0,"21":0,"22":0,"23":0,"24":0,"25":0,"26":0,"27":0,"28":0,"29":0,"30":0,"31":0,"32":0,"33":0,"34":0,"35":0,"36":0,"37":0,"38":0,"39":0,"40":0,"41":0,"42":0,"43":0,"44":0,"45":0,"46":0,"47":0,"48":0,"49":0,"50":0,"51":0,"52":0,"53":0,"54":0,"55":0,"56":0,"57":0,"58":0,"59":0,"60":0,"61":0,"62":0,"63":0,"64":0,"65":0,"66":0,"67":0,"68":0,"69":0,"70":0,"71":0,"72":0,"73":0,"74":0,"75":0,"76":0,"77":0,"78":0,"79":0,"80":0,"81":0,"82":0,"83":0,"84":0,"85":0},"f":{"0":0,"1":0,"2":0,"3":0,"4":0,"5":0,"6":0,"7":0,"8":0,"9":0,"10":0,"11":0,"12":0,"13":0,"14":0,"15":0,"16":0},"b":{"0":[0],"1":[0,0],"2":[0],"3":[0,0],"4":[0],"5":[0,0],"6":[0,0],"7":[0,0],"8":[0,0],"9":[0,0],"10":[0,0],"11":[0,0],"12":[0,0],"13":[0,0],"14":[0,0],"15":[0,0],"16":[0,0],"17":[0,0],"18":[0,0],"19":[0,0],"20":[0,0],"21":[0,0],"22":[0,0]}}
,"/Users/bogisis/Desktop/сметы/for_deploy/server.js": {"path":"/Users/bogisis/Desktop/сметы/for_deploy/server.js","statementMap":{"0":{"start":{"line":1,"column":16},"end":{"line":1,"column":34}},"1":{"start":{"line":2,"column":13},"end":{"line":2,"column":28}},"2":{"start":{"line":3,"column":11},"end":{"line":3,"column":33}},"3":{"start":{"line":4,"column":13},"end":{"line":4,"column":28}},"4":{"start":{"line":6,"column":12},"end":{"line":6,"column":21}},"5":{"start":{"line":7,"column":13},"end":{"line":7,"column":37}},"6":{"start":{"line":10,"column":0},"end":{"line":10,"column":16}},"7":{"start":{"line":11,"column":0},"end":{"line":11,"column":41}},"8":{"start":{"line":12,"column":0},"end":{"line":12,"column":29}},"9":{"start":{"line":15,"column":20},"end":{"line":15,"column":51}},"10":{"start":{"line":16,"column":21},"end":{"line":16,"column":53}},"11":{"start":{"line":17,"column":19},"end":{"line":17,"column":49}},"12":{"start":{"line":21,"column":4},"end":{"line":27,"column":5}},"13":{"start":{"line":22,"column":8},"end":{"line":26,"column":9}},"14":{"start":{"line":23,"column":12},"end":{"line":23,"column":53}},"15":{"start":{"line":25,"column":12},"end":{"line":25,"column":57}},"16":{"start":{"line":31,"column":26},"end":{"line":31,"column":44}},"17":{"start":{"line":35,"column":4},"end":{"line":42,"column":5}},"18":{"start":{"line":36,"column":26},"end":{"line":36,"column":72}},"19":{"start":{"line":37,"column":27},"end":{"line":37,"column":84}},"20":{"start":{"line":38,"column":8},"end":{"line":38,"column":70}},"21":{"start":{"line":39,"column":8},"end":{"line":39,"column":53}},"22":{"start":{"line":41,"column":8},"end":{"line":41,"column":44}},"23":{"start":{"line":48,"column":0},"end":{"line":56,"column":3}},"24":{"start":{"line":49,"column":4},"end":{"line":55,"column":5}},"25":{"start":{"line":50,"column":22},"end":{"line":50,"column":51}},"26":{"start":{"line":51,"column":29},"end":{"line":51,"column":67}},"27":{"start":{"line":51,"column":47},"end":{"line":51,"column":66}},"28":{"start":{"line":52,"column":8},"end":{"line":52,"column":57}},"29":{"start":{"line":54,"column":8},"end":{"line":54,"column":69}},"30":{"start":{"line":59,"column":0},"end":{"line":67,"column":3}},"31":{"start":{"line":60,"column":4},"end":{"line":66,"column":5}},"32":{"start":{"line":61,"column":25},"end":{"line":61,"column":68}},"33":{"start":{"line":62,"column":21},"end":{"line":62,"column":56}},"34":{"start":{"line":63,"column":8},"end":{"line":63,"column":60}},"35":{"start":{"line":65,"column":8},"end":{"line":65,"column":69}},"36":{"start":{"line":70,"column":0},"end":{"line":88,"column":3}},"37":{"start":{"line":71,"column":4},"end":{"line":87,"column":5}},"38":{"start":{"line":72,"column":25},"end":{"line":72,"column":68}},"39":{"start":{"line":73,"column":21},"end":{"line":73,"column":29}},"40":{"start":{"line":76,"column":8},"end":{"line":81,"column":9}},"41":{"start":{"line":77,"column":29},"end":{"line":77,"column":64}},"42":{"start":{"line":78,"column":12},"end":{"line":78,"column":85}},"43":{"start":{"line":83,"column":8},"end":{"line":83,"column":68}},"44":{"start":{"line":84,"column":8},"end":{"line":84,"column":36}},"45":{"start":{"line":86,"column":8},"end":{"line":86,"column":69}},"46":{"start":{"line":93,"column":0},"end":{"line":132,"column":3}},"47":{"start":{"line":94,"column":4},"end":{"line":131,"column":5}},"48":{"start":{"line":95,"column":22},"end":{"line":95,"column":52}},"49":{"start":{"line":97,"column":30},"end":{"line":97,"column":93}},"50":{"start":{"line":97,"column":48},"end":{"line":97,"column":92}},"51":{"start":{"line":100,"column":26},"end":{"line":123,"column":9}},"52":{"start":{"line":102,"column":16},"end":{"line":121,"column":17}},"53":{"start":{"line":103,"column":37},"end":{"line":103,"column":70}},"54":{"start":{"line":104,"column":34},"end":{"line":104,"column":57}},"55":{"start":{"line":105,"column":33},"end":{"line":105,"column":68}},"56":{"start":{"line":106,"column":33},"end":{"line":106,"column":49}},"57":{"start":{"line":108,"column":20},"end":{"line":114,"column":22}},"58":{"start":{"line":116,"column":20},"end":{"line":120,"column":22}},"59":{"start":{"line":126,"column":8},"end":{"line":126,"column":80}},"60":{"start":{"line":126,"column":33},"end":{"line":126,"column":78}},"61":{"start":{"line":128,"column":8},"end":{"line":128,"column":47}},"62":{"start":{"line":130,"column":8},"end":{"line":130,"column":69}},"63":{"start":{"line":135,"column":0},"end":{"line":143,"column":3}},"64":{"start":{"line":136,"column":4},"end":{"line":142,"column":5}},"65":{"start":{"line":137,"column":25},"end":{"line":137,"column":69}},"66":{"start":{"line":138,"column":21},"end":{"line":138,"column":56}},"67":{"start":{"line":139,"column":8},"end":{"line":139,"column":60}},"68":{"start":{"line":141,"column":8},"end":{"line":141,"column":69}},"69":{"start":{"line":146,"column":0},"end":{"line":164,"column":3}},"70":{"start":{"line":147,"column":4},"end":{"line":163,"column":5}},"71":{"start":{"line":148,"column":25},"end":{"line":148,"column":69}},"72":{"start":{"line":149,"column":21},"end":{"line":149,"column":29}},"73":{"start":{"line":152,"column":8},"end":{"line":157,"column":9}},"74":{"start":{"line":153,"column":29},"end":{"line":153,"column":64}},"75":{"start":{"line":154,"column":12},"end":{"line":154,"column":86}},"76":{"start":{"line":159,"column":8},"end":{"line":159,"column":68}},"77":{"start":{"line":160,"column":8},"end":{"line":160,"column":36}},"78":{"start":{"line":162,"column":8},"end":{"line":162,"column":69}},"79":{"start":{"line":167,"column":0},"end":{"line":184,"column":3}},"80":{"start":{"line":168,"column":4},"end":{"line":183,"column":5}},"81":{"start":{"line":169,"column":25},"end":{"line":169,"column":69}},"82":{"start":{"line":172,"column":8},"end":{"line":177,"column":9}},"83":{"start":{"line":173,"column":29},"end":{"line":173,"column":64}},"84":{"start":{"line":174,"column":12},"end":{"line":174,"column":94}},"85":{"start":{"line":179,"column":8},"end":{"line":179,"column":34}},"86":{"start":{"line":180,"column":8},"end":{"line":180,"column":36}},"87":{"start":{"line":182,"column":8},"end":{"line":182,"column":69}},"88":{"start":{"line":187,"column":0},"end":{"line":203,"column":3}},"89":{"start":{"line":188,"column":4},"end":{"line":202,"column":5}},"90":{"start":{"line":189,"column":24},"end":{"line":189,"column":71}},"91":{"start":{"line":190,"column":28},"end":{"line":190,"column":48}},"92":{"start":{"line":191,"column":24},"end":{"line":191,"column":60}},"93":{"start":{"line":194,"column":8},"end":{"line":194,"column":33}},"94":{"start":{"line":197,"column":8},"end":{"line":197,"column":42}},"95":{"start":{"line":199,"column":8},"end":{"line":199,"column":49}},"96":{"start":{"line":201,"column":8},"end":{"line":201,"column":69}},"97":{"start":{"line":208,"column":0},"end":{"line":249,"column":3}},"98":{"start":{"line":209,"column":4},"end":{"line":248,"column":5}},"99":{"start":{"line":210,"column":22},"end":{"line":210,"column":50}},"100":{"start":{"line":211,"column":28},"end":{"line":211,"column":86}},"101":{"start":{"line":211,"column":46},"end":{"line":211,"column":85}},"102":{"start":{"line":213,"column":24},"end":{"line":239,"column":9}},"103":{"start":{"line":215,"column":16},"end":{"line":237,"column":17}},"104":{"start":{"line":216,"column":37},"end":{"line":216,"column":68}},"105":{"start":{"line":217,"column":34},"end":{"line":217,"column":57}},"106":{"start":{"line":218,"column":33},"end":{"line":218,"column":68}},"107":{"start":{"line":219,"column":33},"end":{"line":219,"column":49}},"108":{"start":{"line":221,"column":31},"end":{"line":221,"column":60}},"109":{"start":{"line":224,"column":42},"end":{"line":224,"column":72}},"110":{"start":{"line":225,"column":40},"end":{"line":225,"column":90}},"111":{"start":{"line":225,"column":64},"end":{"line":225,"column":89}},"112":{"start":{"line":227,"column":20},"end":{"line":234,"column":22}},"113":{"start":{"line":236,"column":20},"end":{"line":236,"column":32}},"114":{"start":{"line":242,"column":29},"end":{"line":242,"column":60}},"115":{"start":{"line":242,"column":49},"end":{"line":242,"column":59}},"116":{"start":{"line":243,"column":8},"end":{"line":243,"column":83}},"117":{"start":{"line":243,"column":36},"end":{"line":243,"column":81}},"118":{"start":{"line":245,"column":8},"end":{"line":245,"column":59}},"119":{"start":{"line":247,"column":8},"end":{"line":247,"column":69}},"120":{"start":{"line":252,"column":0},"end":{"line":260,"column":3}},"121":{"start":{"line":253,"column":4},"end":{"line":259,"column":5}},"122":{"start":{"line":254,"column":25},"end":{"line":254,"column":71}},"123":{"start":{"line":255,"column":21},"end":{"line":255,"column":56}},"124":{"start":{"line":256,"column":8},"end":{"line":256,"column":60}},"125":{"start":{"line":258,"column":8},"end":{"line":258,"column":69}},"126":{"start":{"line":263,"column":0},"end":{"line":272,"column":3}},"127":{"start":{"line":264,"column":4},"end":{"line":271,"column":5}},"128":{"start":{"line":265,"column":25},"end":{"line":265,"column":71}},"129":{"start":{"line":266,"column":21},"end":{"line":266,"column":29}},"130":{"start":{"line":267,"column":8},"end":{"line":267,"column":68}},"131":{"start":{"line":268,"column":8},"end":{"line":268,"column":36}},"132":{"start":{"line":270,"column":8},"end":{"line":270,"column":69}},"133":{"start":{"line":275,"column":0},"end":{"line":298,"column":3}},"134":{"start":{"line":276,"column":4},"end":{"line":297,"column":5}},"135":{"start":{"line":277,"column":27},"end":{"line":277,"column":73}},"136":{"start":{"line":278,"column":27},"end":{"line":278,"column":64}},"137":{"start":{"line":279,"column":21},"end":{"line":279,"column":43}},"138":{"start":{"line":282,"column":27},"end":{"line":282,"column":48}},"139":{"start":{"line":283,"column":31},"end":{"line":283,"column":124}},"140":{"start":{"line":284,"column":21},"end":{"line":284,"column":77}},"141":{"start":{"line":285,"column":20},"end":{"line":285,"column":38}},"142":{"start":{"line":286,"column":19},"end":{"line":286,"column":32}},"143":{"start":{"line":288,"column":25},"end":{"line":288,"column":73}},"144":{"start":{"line":289,"column":29},"end":{"line":289,"column":62}},"145":{"start":{"line":292,"column":8},"end":{"line":292,"column":72}},"146":{"start":{"line":294,"column":8},"end":{"line":294,"column":46}},"147":{"start":{"line":296,"column":8},"end":{"line":296,"column":69}},"148":{"start":{"line":302,"column":0},"end":{"line":307,"column":3}},"149":{"start":{"line":303,"column":4},"end":{"line":306,"column":7}},"150":{"start":{"line":304,"column":8},"end":{"line":304,"column":54}},"151":{"start":{"line":305,"column":8},"end":{"line":305,"column":64}}},"fnMap":{"0":{"name":"ensureDirs","decl":{"start":{"line":20,"column":15},"end":{"line":20,"column":25}},"loc":{"start":{"line":20,"column":28},"end":{"line":28,"column":1}},"line":20},"1":{"name":"createBackup","decl":{"start":{"line":34,"column":15},"end":{"line":34,"column":27}},"loc":{"start":{"line":34,"column":50},"end":{"line":43,"column":1}},"line":34},"2":{"name":"(anonymous_2)","decl":{"start":{"line":48,"column":29},"end":{"line":48,"column":30}},"loc":{"start":{"line":48,"column":49},"end":{"line":56,"column":1}},"line":48},"3":{"name":"(anonymous_3)","decl":{"start":{"line":51,"column":42},"end":{"line":51,"column":43}},"loc":{"start":{"line":51,"column":47},"end":{"line":51,"column":66}},"line":51},"4":{"name":"(anonymous_4)","decl":{"start":{"line":59,"column":34},"end":{"line":59,"column":35}},"loc":{"start":{"line":59,"column":54},"end":{"line":67,"column":1}},"line":59},"5":{"name":"(anonymous_5)","decl":{"start":{"line":70,"column":35},"end":{"line":70,"column":36}},"loc":{"start":{"line":70,"column":55},"end":{"line":88,"column":1}},"line":70},"6":{"name":"(anonymous_6)","decl":{"start":{"line":93,"column":26},"end":{"line":93,"column":27}},"loc":{"start":{"line":93,"column":46},"end":{"line":132,"column":1}},"line":93},"7":{"name":"(anonymous_7)","decl":{"start":{"line":97,"column":43},"end":{"line":97,"column":44}},"loc":{"start":{"line":97,"column":48},"end":{"line":97,"column":92}},"line":97},"8":{"name":"(anonymous_8)","decl":{"start":{"line":101,"column":30},"end":{"line":101,"column":31}},"loc":{"start":{"line":101,"column":50},"end":{"line":122,"column":13}},"line":101},"9":{"name":"(anonymous_9)","decl":{"start":{"line":126,"column":23},"end":{"line":126,"column":24}},"loc":{"start":{"line":126,"column":33},"end":{"line":126,"column":78}},"line":126},"10":{"name":"(anonymous_10)","decl":{"start":{"line":135,"column":36},"end":{"line":135,"column":37}},"loc":{"start":{"line":135,"column":56},"end":{"line":143,"column":1}},"line":135},"11":{"name":"(anonymous_11)","decl":{"start":{"line":146,"column":37},"end":{"line":146,"column":38}},"loc":{"start":{"line":146,"column":57},"end":{"line":164,"column":1}},"line":146},"12":{"name":"(anonymous_12)","decl":{"start":{"line":167,"column":39},"end":{"line":167,"column":40}},"loc":{"start":{"line":167,"column":59},"end":{"line":184,"column":1}},"line":167},"13":{"name":"(anonymous_13)","decl":{"start":{"line":187,"column":46},"end":{"line":187,"column":47}},"loc":{"start":{"line":187,"column":66},"end":{"line":203,"column":1}},"line":187},"14":{"name":"(anonymous_14)","decl":{"start":{"line":208,"column":24},"end":{"line":208,"column":25}},"loc":{"start":{"line":208,"column":44},"end":{"line":249,"column":1}},"line":208},"15":{"name":"(anonymous_15)","decl":{"start":{"line":211,"column":41},"end":{"line":211,"column":42}},"loc":{"start":{"line":211,"column":46},"end":{"line":211,"column":85}},"line":211},"16":{"name":"(anonymous_16)","decl":{"start":{"line":214,"column":28},"end":{"line":214,"column":29}},"loc":{"start":{"line":214,"column":48},"end":{"line":238,"column":13}},"line":214},"17":{"name":"(anonymous_17)","decl":{"start":{"line":225,"column":59},"end":{"line":225,"column":60}},"loc":{"start":{"line":225,"column":64},"end":{"line":225,"column":89}},"line":225},"18":{"name":"(anonymous_18)","decl":{"start":{"line":242,"column":44},"end":{"line":242,"column":45}},"loc":{"start":{"line":242,"column":49},"end":{"line":242,"column":59}},"line":242},"19":{"name":"(anonymous_19)","decl":{"start":{"line":243,"column":26},"end":{"line":243,"column":27}},"loc":{"start":{"line":243,"column":36},"end":{"line":243,"column":81}},"line":243},"20":{"name":"(anonymous_20)","decl":{"start":{"line":252,"column":28},"end":{"line":252,"column":29}},"loc":{"start":{"line":252,"column":48},"end":{"line":260,"column":1}},"line":252},"21":{"name":"(anonymous_21)","decl":{"start":{"line":263,"column":29},"end":{"line":263,"column":30}},"loc":{"start":{"line":263,"column":49},"end":{"line":272,"column":1}},"line":263},"22":{"name":"(anonymous_22)","decl":{"start":{"line":275,"column":37},"end":{"line":275,"column":38}},"loc":{"start":{"line":275,"column":57},"end":{"line":298,"column":1}},"line":275},"23":{"name":"(anonymous_23)","decl":{"start":{"line":302,"column":18},"end":{"line":302,"column":19}},"loc":{"start":{"line":302,"column":24},"end":{"line":307,"column":1}},"line":302},"24":{"name":"(anonymous_24)","decl":{"start":{"line":303,"column":21},"end":{"line":303,"column":22}},"loc":{"start":{"line":303,"column":27},"end":{"line":306,"column":5}},"line":303}},"branchMap":{"0":{"loc":{"start":{"line":7,"column":13},"end":{"line":7,"column":37}},"type":"binary-expr","locations":[{"start":{"line":7,"column":13},"end":{"line":7,"column":29}},{"start":{"line":7,"column":33},"end":{"line":7,"column":37}}],"line":7},"1":{"loc":{"start":{"line":97,"column":48},"end":{"line":97,"column":92}},"type":"binary-expr","locations":[{"start":{"line":97,"column":48},"end":{"line":97,"column":67}},{"start":{"line":97,"column":71},"end":{"line":97,"column":92}}],"line":97},"2":{"loc":{"start":{"line":110,"column":36},"end":{"line":110,"column":66}},"type":"binary-expr","locations":[{"start":{"line":110,"column":36},"end":{"line":110,"column":51}},{"start":{"line":110,"column":55},"end":{"line":110,"column":66}}],"line":110},"3":{"loc":{"start":{"line":111,"column":34},"end":{"line":111,"column":52}},"type":"binary-expr","locations":[{"start":{"line":111,"column":34},"end":{"line":111,"column":47}},{"start":{"line":111,"column":51},"end":{"line":111,"column":52}}],"line":111},"4":{"loc":{"start":{"line":211,"column":46},"end":{"line":211,"column":85}},"type":"binary-expr","locations":[{"start":{"line":211,"column":46},"end":{"line":211,"column":65}},{"start":{"line":211,"column":69},"end":{"line":211,"column":85}}],"line":211},"5":{"loc":{"start":{"line":229,"column":36},"end":{"line":229,"column":66}},"type":"binary-expr","locations":[{"start":{"line":229,"column":36},"end":{"line":229,"column":51}},{"start":{"line":229,"column":55},"end":{"line":229,"column":66}}],"line":229},"6":{"loc":{"start":{"line":230,"column":34},"end":{"line":230,"column":52}},"type":"binary-expr","locations":[{"start":{"line":230,"column":34},"end":{"line":230,"column":47}},{"start":{"line":230,"column":51},"end":{"line":230,"column":52}}],"line":230},"7":{"loc":{"start":{"line":231,"column":35},"end":{"line":231,"column":55}},"type":"binary-expr","locations":[{"start":{"line":231,"column":35},"end":{"line":231,"column":49}},{"start":{"line":231,"column":53},"end":{"line":231,"column":55}}],"line":231},"8":{"loc":{"start":{"line":282,"column":27},"end":{"line":282,"column":48}},"type":"binary-expr","locations":[{"start":{"line":282,"column":27},"end":{"line":282,"column":42}},{"start":{"line":282,"column":46},"end":{"line":282,"column":48}}],"line":282},"9":{"loc":{"start":{"line":283,"column":31},"end":{"line":283,"column":124}},"type":"cond-expr","locations":[{"start":{"line":283,"column":44},"end":{"line":283,"column":111}},{"start":{"line":283,"column":114},"end":{"line":283,"column":124}}],"line":283},"10":{"loc":{"start":{"line":284,"column":21},"end":{"line":284,"column":77}},"type":"binary-expr","locations":[{"start":{"line":284,"column":21},"end":{"line":284,"column":35}},{"start":{"line":284,"column":39},"end":{"line":284,"column":77}}],"line":284},"11":{"loc":{"start":{"line":285,"column":20},"end":{"line":285,"column":38}},"type":"binary-expr","locations":[{"start":{"line":285,"column":20},"end":{"line":285,"column":33}},{"start":{"line":285,"column":37},"end":{"line":285,"column":38}}],"line":285}},"s":{"0":0,"1":0,"2":0,"3":0,"4":0,"5":0,"6":0,"7":0,"8":0,"9":0,"10":0,"11":0,"12":0,"13":0,"14":0,"15":0,"16":0,"17":0,"18":0,"19":0,"20":0,"21":0,"22":0,"23":0,"24":0,"25":0,"26":0,"27":0,"28":0,"29":0,"30":0,"31":0,"32":0,"33":0,"34":0,"35":0,"36":0,"37":0,"38":0,"39":0,"40":0,"41":0,"42":0,"43":0,"44":0,"45":0,"46":0,"47":0,"48":0,"49":0,"50":0,"51":0,"52":0,"53":0,"54":0,"55":0,"56":0,"57":0,"58":0,"59":0,"60":0,"61":0,"62":0,"63":0,"64":0,"65":0,"66":0,"67":0,"68":0,"69":0,"70":0,"71":0,"72":0,"73":0,"74":0,"75":0,"76":0,"77":0,"78":0,"79":0,"80":0,"81":0,"82":0,"83":0,"84":0,"85":0,"86":0,"87":0,"88":0,"89":0,"90":0,"91":0,"92":0,"93":0,"94":0,"95":0,"96":0,"97":0,"98":0,"99":0,"100":0,"101":0,"102":0,"103":0,"104":0,"105":0,"106":0,"107":0,"108":0,"109":0,"110":0,"111":0,"112":0,"113":0,"114":0,"115":0,"116":0,"117":0,"118":0,"119":0,"120":0,"121":0,"122":0,"123":0,"124":0,"125":0,"126":0,"127":0,"128":0,"129":0,"130":0,"131":0,"132":0,"133":0,"134":0,"135":0,"136":0,"137":0,"138":0,"139":0,"140":0,"141":0,"142":0,"143":0,"144":0,"145":0,"146":0,"147":0,"148":0,"149":0,"150":0,"151":0},"f":{"0":0,"1":0,"2":0,"3":0,"4":0,"5":0,"6":0,"7":0,"8":0,"9":0,"10":0,"11":0,"12":0,"13":0,"14":0,"15":0,"16":0,"17":0,"18":0,"19":0,"20":0,"21":0,"22":0,"23":0,"24":0},"b":{"0":[0,0],"1":[0,0],"2":[0,0],"3":[0,0],"4":[0,0],"5":[0,0],"6":[0,0],"7":[0,0],"8":[0,0],"9":[0,0],"10":[0,0],"11":[0,0]}}
}
